TN:
SF:/home/graham/dev/2018-ca400-bartleg3/src/cp-projects-frontend/src/dojos/service.js
FN:5,(anonymous_0)
FN:7,(anonymous_1)
FN:9,(anonymous_2)
FN:11,(anonymous_3)
FN:13,(anonymous_4)
FN:15,(anonymous_5)
FN:17,(anonymous_6)
FNF:7
FNH:7
FNDA:1,(anonymous_0)
FNDA:1,(anonymous_1)
FNDA:1,(anonymous_2)
FNDA:1,(anonymous_3)
FNDA:1,(anonymous_4)
FNDA:1,(anonymous_5)
FNDA:1,(anonymous_6)
DA:3,1
DA:5,1
DA:7,1
DA:9,1
DA:11,1
DA:13,1
DA:15,1
DA:17,1
LF:8
LH:8
BRF:0
BRH:0
end_of_record
TN:
SF:/home/graham/dev/2018-ca400-bartleg3/src/cp-projects-frontend/src/projects/service.js
FN:5,(anonymous_0)
FN:7,(anonymous_1)
FN:9,(anonymous_2)
FN:11,(anonymous_3)
FN:13,(anonymous_4)
FN:15,(anonymous_5)
FN:17,(anonymous_6)
FN:19,(anonymous_7)
FN:21,(anonymous_8)
FNF:9
FNH:9
FNDA:1,(anonymous_0)
FNDA:1,(anonymous_1)
FNDA:1,(anonymous_2)
FNDA:1,(anonymous_3)
FNDA:1,(anonymous_4)
FNDA:1,(anonymous_5)
FNDA:1,(anonymous_6)
FNDA:1,(anonymous_7)
FNDA:1,(anonymous_8)
DA:3,1
DA:5,1
DA:7,1
DA:9,1
DA:11,1
DA:13,1
DA:15,1
DA:17,1
DA:19,1
DA:21,1
LF:10
LH:10
BRF:0
BRH:0
end_of_record
TN:
SF:/home/graham/dev/2018-ca400-bartleg3/src/cp-projects-frontend/src/users/service.js
FN:5,(anonymous_0)
FN:7,(anonymous_1)
FN:9,(anonymous_2)
FN:11,(anonymous_3)
FNF:4
FNH:4
FNDA:1,(anonymous_0)
FNDA:1,(anonymous_1)
FNDA:1,(anonymous_2)
FNDA:1,(anonymous_3)
DA:3,1
DA:5,1
DA:7,1
DA:9,1
DA:11,1
LF:5
LH:5
BRF:0
BRH:0
end_of_record
TN:
SF:/home/graham/dev/2018-ca400-bartleg3/src/cp-projects-frontend/src/App.vue
FNF:0
FNH:0
LF:0
LH:0
BRF:0
BRH:0
end_of_record
TN:
SF:/home/graham/dev/2018-ca400-bartleg3/src/cp-projects-frontend/src/common/common-header.vue
FNF:0
FNH:0
DA:33,4
DA:42,1
DA:43,1
DA:47,1
DA:48,1
DA:49,1
DA:50,1
DA:51,1
DA:52,1
DA:57,2
DA:58,2
DA:59,1
DA:60,1
LF:13
LH:13
BRDA:58,0,0,1
BRDA:58,0,1,1
BRF:2
BRH:2
end_of_record
TN:
SF:/home/graham/dev/2018-ca400-bartleg3/src/cp-projects-frontend/src/common/common-footer.vue
FNF:0
FNH:0
LF:0
LH:0
BRF:0
BRH:0
end_of_record
TN:
SF:/home/graham/dev/2018-ca400-bartleg3/src/cp-projects-frontend/src/common/acknowledgements.vue
FNF:0
FNH:0
LF:0
LH:0
BRF:0
BRH:0
end_of_record
TN:
SF:/home/graham/dev/2018-ca400-bartleg3/src/cp-projects-frontend/src/common/not-found.vue
FNF:0
FNH:0
LF:0
LH:0
BRF:0
BRH:0
end_of_record
TN:
SF:/home/graham/dev/2018-ca400-bartleg3/src/cp-projects-frontend/src/dojos/admin-panel.vue
FN:185,(anonymous_0)
FN:197,(anonymous_1)
FNF:2
FNH:1
FNDA:0,(anonymous_0)
FNDA:5,(anonymous_1)
DA:107,13
DA:128,1
DA:132,1
DA:133,1
DA:134,1
DA:138,1
DA:142,2
DA:143,2
DA:149,1
DA:153,1
DA:158,2
DA:159,1
DA:160,1
DA:161,1
DA:166,3
DA:168,3
DA:169,3
DA:170,3
DA:172,3
DA:173,1
DA:176,3
DA:178,3
DA:180,3
DA:181,2
DA:182,2
DA:185,3
DA:186,0
DA:194,1
DA:195,1
DA:197,1
DA:198,5
DA:199,2
DA:203,1
DA:204,1
LF:34
LH:33
BRDA:143,0,0,1
BRDA:143,0,1,1
BRDA:158,1,0,1
BRDA:158,1,1,1
BRDA:172,2,0,1
BRDA:172,2,1,2
BRDA:172,3,0,3
BRDA:172,3,1,1
BRDA:180,4,0,2
BRDA:180,4,1,1
BRDA:198,5,0,2
BRDA:198,5,1,3
BRDA:198,6,0,5
BRDA:198,6,1,4
BRF:14
BRH:14
end_of_record
TN:
SF:/home/graham/dev/2018-ca400-bartleg3/src/cp-projects-frontend/src/dojos/dojo-details.vue
FN:134,(anonymous_0)
FN:146,(anonymous_1)
FNF:2
FNH:1
FNDA:0,(anonymous_0)
FNDA:5,(anonymous_1)
DA:82,7
DA:100,1
DA:101,1
DA:102,1
DA:106,1
DA:110,2
DA:111,2
DA:117,1
DA:121,1
DA:123,1
DA:125,1
DA:127,1
DA:128,1
DA:129,1
DA:131,1
DA:132,1
DA:134,1
DA:135,0
DA:143,1
DA:144,1
DA:146,1
DA:147,5
DA:148,2
DA:152,1
DA:153,1
LF:25
LH:24
BRDA:111,0,0,1
BRDA:111,0,1,1
BRDA:147,1,0,2
BRDA:147,1,1,3
BRDA:147,2,0,5
BRDA:147,2,1,4
BRF:6
BRH:6
end_of_record
TN:
SF:/home/graham/dev/2018-ca400-bartleg3/src/cp-projects-frontend/src/dojos/github-callback.vue
FNF:0
FNH:0
DA:11,5
DA:18,1
DA:22,1
DA:26,1
DA:32,1
DA:36,1
DA:40,1
DA:41,1
LF:8
LH:8
BRF:0
BRH:0
end_of_record
TN:
SF:/home/graham/dev/2018-ca400-bartleg3/src/cp-projects-frontend/src/projects/edit-project.vue
FN:180,(anonymous_0)
FNF:1
FNH:1
FNDA:2,(anonymous_0)
DA:115,15
DA:137,1
DA:141,4
DA:142,4
DA:147,2
DA:149,1
DA:151,1
DA:160,1
DA:165,4
DA:167,4
DA:169,3
DA:170,3
DA:171,3
DA:173,3
DA:175,3
DA:176,2
DA:178,2
DA:180,2
DA:182,2
DA:183,2
DA:186,1
DA:187,1
DA:194,2
DA:196,1
DA:198,1
DA:200,1
DA:206,2
DA:208,2
DA:210,2
DA:211,2
DA:212,1
DA:214,2
DA:215,2
DA:216,2
DA:218,2
DA:219,1
DA:222,2
DA:223,2
DA:224,2
DA:225,2
LF:40
LH:40
BRDA:142,0,0,1
BRDA:142,0,1,3
BRDA:142,1,0,1
BRDA:142,1,1,0
BRDA:142,1,2,0
BRDA:142,2,0,3
BRDA:142,2,1,2
BRDA:147,3,0,1
BRDA:147,3,1,1
BRDA:167,4,0,3
BRDA:167,4,1,1
BRDA:175,5,0,2
BRDA:175,5,1,1
BRDA:175,6,0,3
BRDA:175,6,1,2
BRDA:194,7,0,1
BRDA:194,7,1,1
BRDA:211,8,0,1
BRDA:211,8,1,1
BRDA:218,9,0,1
BRDA:218,9,1,1
BRDA:218,10,0,2
BRDA:218,10,1,1
BRDA:218,10,2,1
BRF:24
BRH:22
end_of_record
TN:
SF:/home/graham/dev/2018-ca400-bartleg3/src/cp-projects-frontend/src/projects/project-creation-form.vue
FN:238,(anonymous_0)
FNF:1
FNH:1
FNDA:2,(anonymous_0)
DA:178,13
DA:203,4
DA:205,1
DA:207,1
DA:209,1
DA:211,1
DA:218,2
DA:219,2
DA:223,4
DA:225,4
DA:227,3
DA:228,3
DA:229,3
DA:231,3
DA:233,3
DA:234,2
DA:236,2
DA:238,2
DA:240,2
DA:241,2
DA:244,1
DA:245,1
DA:251,2
DA:253,1
DA:256,1
DA:269,1
DA:272,1
DA:278,3
DA:280,3
DA:282,2
DA:284,2
DA:286,1
DA:289,1
DA:293,1
DA:300,4
DA:301,4
DA:302,4
DA:303,4
DA:304,4
DA:306,1
DA:307,1
DA:308,1
DA:309,1
DA:311,1
DA:312,1
DA:313,1
DA:314,1
DA:316,1
DA:317,1
DA:318,1
DA:319,1
DA:321,1
DA:322,1
DA:323,1
LF:54
LH:54
BRDA:203,0,0,1
BRDA:203,0,1,1
BRDA:203,0,2,1
BRDA:203,0,3,1
BRDA:219,1,0,2
BRDA:219,1,1,2
BRDA:219,1,2,2
BRDA:225,2,0,3
BRDA:225,2,1,1
BRDA:233,3,0,2
BRDA:233,3,1,1
BRDA:233,4,0,3
BRDA:233,4,1,2
BRDA:251,5,0,1
BRDA:251,5,1,1
BRDA:280,6,0,2
BRDA:280,6,1,1
BRDA:284,7,0,1
BRDA:284,7,1,1
BRDA:304,8,0,1
BRDA:304,8,1,1
BRDA:304,8,2,1
BRDA:304,8,3,1
BRF:23
BRH:23
end_of_record
TN:
SF:/home/graham/dev/2018-ca400-bartleg3/src/cp-projects-frontend/src/projects/project-details.vue
FNF:0
FNH:0
DA:168,12
DA:180,5
DA:182,1
DA:184,1
DA:186,1
DA:188,1
DA:190,1
DA:195,5
DA:197,1
DA:199,1
DA:201,1
DA:203,1
DA:205,1
DA:210,2
DA:214,2
DA:218,1
DA:219,1
DA:220,1
DA:224,1
DA:230,1
DA:234,1
DA:239,3
DA:240,3
DA:242,3
DA:243,3
DA:245,3
DA:246,1
DA:249,3
DA:251,3
DA:252,3
DA:253,1
DA:255,3
LF:32
LH:32
BRDA:180,0,0,1
BRDA:180,0,1,1
BRDA:180,0,2,1
BRDA:180,0,3,1
BRDA:180,0,4,1
BRDA:195,1,0,1
BRDA:195,1,1,1
BRDA:195,1,2,1
BRDA:195,1,3,1
BRDA:195,1,4,1
BRDA:210,2,0,2
BRDA:210,2,1,1
BRDA:214,3,0,2
BRDA:214,3,1,1
BRDA:245,4,0,1
BRDA:245,4,1,2
BRDA:252,5,0,1
BRDA:252,5,1,2
BRF:18
BRH:18
end_of_record
TN:
SF:/home/graham/dev/2018-ca400-bartleg3/src/cp-projects-frontend/src/projects/project-list.vue
FN:148,(anonymous_0)
FN:160,(anonymous_1)
FNF:2
FNH:1
FNDA:0,(anonymous_0)
FNDA:5,(anonymous_1)
DA:89,9
DA:107,1
DA:108,1
DA:109,1
DA:113,1
DA:117,2
DA:118,2
DA:124,1
DA:128,1
DA:133,2
DA:135,2
DA:137,2
DA:139,2
DA:141,2
DA:143,2
DA:144,2
DA:145,1
DA:148,2
DA:149,0
DA:157,1
DA:158,1
DA:160,1
DA:161,5
DA:162,2
DA:166,1
DA:167,1
LF:26
LH:25
BRDA:118,0,0,1
BRDA:118,0,1,1
BRDA:144,1,0,1
BRDA:144,1,1,1
BRDA:161,2,0,2
BRDA:161,2,1,3
BRDA:161,3,0,5
BRDA:161,3,1,4
BRF:8
BRH:8
end_of_record
TN:
SF:/home/graham/dev/2018-ca400-bartleg3/src/cp-projects-frontend/src/projects/project-runtime.vue
FN:70,(anonymous_0)
FNF:1
FNH:0
FNDA:0,(anonymous_0)
DA:32,4
DA:43,0
DA:48,0
DA:50,0
DA:58,2
DA:60,2
DA:66,2
DA:68,2
DA:70,2
DA:72,0
DA:77,2
DA:79,2
DA:80,1
DA:83,1
DA:84,1
DA:89,1
LF:16
LH:12
BRDA:48,0,0,0
BRDA:48,0,1,0
BRDA:48,1,0,0
BRDA:48,1,1,0
BRDA:79,2,0,1
BRDA:79,2,1,1
BRF:6
BRH:2
end_of_record
TN:
SF:/home/graham/dev/2018-ca400-bartleg3/src/cp-projects-frontend/src/router/index.js
FNF:0
FNH:0
DA:16,1
LF:1
LH:1
BRF:0
BRH:0
end_of_record
TN:
SF:/home/graham/dev/2018-ca400-bartleg3/src/cp-projects-frontend/src/users/login.vue
FNF:0
FNH:0
DA:26,5
DA:36,2
DA:37,2
DA:41,3
DA:42,2
DA:46,2
DA:47,2
DA:48,1
DA:49,1
DA:50,1
DA:52,1
DA:54,1
LF:12
LH:12
BRDA:41,0,0,2
BRDA:41,0,1,1
BRDA:47,1,0,1
BRDA:47,1,1,1
BRF:4
BRH:4
end_of_record
TN:
SF:/home/graham/dev/2018-ca400-bartleg3/src/cp-projects-frontend/src/users/view-profile.vue
FNF:0
FNH:0
DA:57,6
DA:67,6
DA:69,1
DA:71,1
DA:73,1
DA:75,1
DA:77,1
DA:79,1
DA:84,1
DA:88,1
DA:92,1
DA:96,2
DA:98,2
DA:99,2
DA:100,2
DA:102,2
DA:103,2
DA:104,1
LF:18
LH:18
BRDA:67,0,0,1
BRDA:67,0,1,1
BRDA:67,0,2,1
BRDA:67,0,3,1
BRDA:67,0,4,1
BRDA:67,0,5,1
BRDA:103,1,0,1
BRDA:103,1,1,1
BRF:8
BRH:8
end_of_record
