TN:
SF:/home/graham/dev/2018-ca400-bartleg3/src/cp-projects-service/src/api/server.js
FN:14,setUpServer
FN:43,startServer
FN:45,(anonymous_2)
FN:50,stopServer
FN:52,(anonymous_4)
FNF:5
FNH:5
FNDA:3,setUpServer
FNDA:3,startServer
FNDA:3,(anonymous_2)
FNDA:3,stopServer
FNDA:3,(anonymous_4)
DA:12,3
DA:16,3
DA:17,3
DA:20,3
DA:24,3
DA:29,3
DA:32,3
DA:33,3
DA:34,3
DA:37,3
DA:40,3
DA:45,3
DA:46,3
DA:52,3
DA:53,3
DA:58,3
DA:67,3
LF:17
LH:17
BRF:0
BRH:0
end_of_record
TN:
SF:/home/graham/dev/2018-ca400-bartleg3/src/cp-projects-service/src/api/dojos/endpoints.js
FN:6,registerEndpoints
FN:10,(anonymous_1)
FN:26,(anonymous_2)
FN:52,(anonymous_3)
FN:84,(anonymous_4)
FN:110,(anonymous_5)
FN:126,(anonymous_6)
FN:159,(anonymous_7)
FNF:8
FNH:8
FNDA:3,registerEndpoints
FNDA:2,(anonymous_1)
FNDA:1,(anonymous_2)
FNDA:1,(anonymous_3)
FNDA:2,(anonymous_4)
FNDA:2,(anonymous_5)
FNDA:2,(anonymous_6)
FNDA:2,(anonymous_7)
DA:7,3
DA:10,3
DA:12,2
DA:13,2
DA:16,2
DA:22,2
DA:26,3
DA:28,1
DA:29,1
DA:32,1
DA:36,1
DA:39,1
DA:40,1
DA:44,1
DA:48,1
DA:52,3
DA:54,1
DA:55,1
DA:58,1
DA:62,1
DA:65,1
DA:66,3
DA:70,3
DA:71,1
DA:75,1
DA:80,1
DA:84,3
DA:86,2
DA:87,2
DA:89,2
DA:91,2
DA:97,1
DA:103,1
DA:105,1
DA:110,3
DA:112,2
DA:113,2
DA:116,2
DA:122,2
DA:126,3
DA:128,2
DA:129,2
DA:130,2
DA:132,2
DA:134,2
DA:135,2
DA:136,2
DA:137,2
DA:140,2
DA:141,2
DA:142,2
DA:145,2
DA:146,2
DA:152,1
DA:154,1
DA:159,3
DA:161,2
DA:162,2
DA:164,2
DA:166,2
DA:172,1
DA:178,1
DA:179,16
DA:180,16
DA:184,16
DA:191,1
DA:197,1
DA:199,1
DA:204,2
LF:69
LH:69
BRDA:22,0,0,1
BRDA:22,0,1,1
BRDA:70,1,0,1
BRDA:70,1,1,2
BRF:4
BRH:4
end_of_record
TN:
SF:/home/graham/dev/2018-ca400-bartleg3/src/cp-projects-service/src/api/projects/endpoints.js
FN:12,registerEndpoints
FN:14,(anonymous_1)
FN:30,(anonymous_2)
FN:46,(anonymous_3)
FN:72,(anonymous_4)
FN:88,(anonymous_5)
FN:103,(anonymous_6)
FN:125,(anonymous_7)
FN:138,(anonymous_8)
FN:150,(anonymous_9)
FN:159,(anonymous_10)
FN:206,(anonymous_11)
FN:308,(anonymous_12)
FN:368,(anonymous_13)
FN:410,(anonymous_14)
FN:435,(anonymous_15)
FNF:16
FNH:16
FNDA:3,registerEndpoints
FNDA:2,(anonymous_1)
FNDA:2,(anonymous_2)
FNDA:4,(anonymous_3)
FNDA:16,(anonymous_4)
FNDA:48,(anonymous_5)
FNDA:2,(anonymous_6)
FNDA:16,(anonymous_7)
FNDA:2,(anonymous_8)
FNDA:5,(anonymous_9)
FNDA:6,(anonymous_10)
FNDA:4,(anonymous_11)
FNDA:5,(anonymous_12)
FNDA:3,(anonymous_13)
FNDA:2,(anonymous_14)
FNDA:1,(anonymous_15)
DA:14,3
DA:16,2
DA:17,2
DA:20,2
DA:26,2
DA:30,3
DA:32,2
DA:33,2
DA:36,2
DA:42,2
DA:46,3
DA:48,4
DA:49,4
DA:54,4
DA:55,4
DA:56,4
DA:57,4
DA:60,4
DA:61,3
DA:63,1
DA:66,1
DA:68,1
DA:72,1
DA:73,16
DA:75,1
DA:77,1
DA:83,1
DA:87,4
DA:88,3
DA:89,48
DA:94,4
DA:95,3
DA:99,4
DA:103,3
DA:105,2
DA:106,2
DA:107,2
DA:110,2
DA:113,2
DA:117,2
DA:118,1
DA:119,1
DA:124,1
DA:125,1
DA:126,16
DA:130,1
DA:133,1
DA:138,3
DA:140,2
DA:141,2
DA:144,2
DA:150,2
DA:151,5
DA:155,2
DA:159,3
DA:161,6
DA:162,6
DA:164,6
DA:166,6
DA:168,6
DA:169,1
DA:173,6
DA:174,1
DA:180,5
DA:181,5
DA:184,5
DA:185,5
DA:186,0
DA:192,4
DA:193,4
DA:194,4
DA:195,4
DA:198,4
DA:201,4
DA:202,4
DA:205,4
DA:206,4
DA:207,4
DA:211,4
DA:212,4
DA:215,4
DA:221,4
DA:227,4
DA:234,4
DA:235,4
DA:236,4
DA:239,4
DA:240,4
DA:241,1
DA:245,4
DA:255,4
DA:258,4
DA:266,4
DA:269,4
DA:270,1
DA:274,4
DA:289,4
DA:295,4
DA:301,4
DA:303,2
DA:308,3
DA:310,5
DA:311,5
DA:313,5
DA:315,5
DA:316,5
DA:319,5
DA:320,1
DA:326,4
DA:327,1
DA:331,4
DA:334,4
DA:340,4
DA:342,3
DA:343,3
DA:346,3
DA:347,3
DA:348,0
DA:354,3
DA:355,3
DA:356,3
DA:357,3
DA:360,3
DA:363,3
DA:364,3
DA:367,3
DA:368,3
DA:369,3
DA:373,3
DA:379,3
DA:380,3
DA:381,1
DA:385,3
DA:393,3
DA:397,4
DA:403,4
DA:405,1
DA:410,3
DA:412,2
DA:413,2
DA:415,2
DA:417,2
DA:421,1
DA:422,1
DA:428,1
DA:430,1
DA:435,3
DA:437,1
DA:438,1
DA:441,1
DA:447,1
DA:451,2
LF:152
LH:150
BRDA:26,0,0,1
BRDA:26,0,1,1
BRDA:42,1,0,1
BRDA:42,1,1,1
BRDA:60,2,0,3
BRDA:60,2,1,1
BRDA:60,3,0,4
BRDA:60,3,1,4
BRDA:60,3,2,2
BRDA:61,4,0,1
BRDA:61,4,1,1
BRDA:61,4,2,1
BRDA:87,5,0,3
BRDA:87,5,1,1
BRDA:94,6,0,3
BRDA:94,6,1,1
BRDA:117,7,0,1
BRDA:117,7,1,1
BRDA:124,8,0,1
BRDA:124,8,1,0
BRDA:168,9,0,1
BRDA:168,9,1,5
BRDA:173,10,0,1
BRDA:173,10,1,5
BRDA:185,11,0,0
BRDA:185,11,1,4
BRDA:240,12,0,1
BRDA:240,12,1,3
BRDA:269,13,0,1
BRDA:269,13,1,3
BRDA:269,14,0,4
BRDA:269,14,1,1
BRDA:269,15,0,1
BRDA:269,15,1,1
BRDA:319,16,0,1
BRDA:319,16,1,4
BRDA:326,17,0,1
BRDA:326,17,1,3
BRDA:326,18,0,4
BRDA:326,18,1,1
BRDA:326,19,0,1
BRDA:326,19,1,1
BRDA:340,20,0,3
BRDA:340,20,1,1
BRDA:347,21,0,0
BRDA:347,21,1,3
BRDA:380,22,0,1
BRDA:380,22,1,2
BRF:48
BRH:45
end_of_record
TN:
SF:/home/graham/dev/2018-ca400-bartleg3/src/cp-projects-service/src/api/users/endpoints.js
FN:4,registerEndpoints
FN:6,(anonymous_1)
FN:22,(anonymous_2)
FN:42,(anonymous_3)
FN:62,(anonymous_4)
FNF:5
FNH:5
FNDA:3,registerEndpoints
FNDA:2,(anonymous_1)
FNDA:3,(anonymous_2)
FNDA:3,(anonymous_3)
FNDA:1,(anonymous_4)
DA:6,3
DA:8,2
DA:9,2
DA:12,2
DA:18,2
DA:22,3
DA:24,3
DA:25,3
DA:27,3
DA:29,3
DA:35,2
DA:37,1
DA:42,3
DA:44,3
DA:45,3
DA:47,3
DA:49,3
DA:55,2
DA:57,1
DA:62,3
DA:64,1
DA:65,1
DA:68,1
DA:74,1
DA:78,1
LF:25
LH:25
BRDA:18,0,0,1
BRDA:18,0,1,1
BRF:2
BRH:2
end_of_record
TN:
SF:/home/graham/dev/2018-ca400-bartleg3/src/cp-projects-service/src/services/db-service.js
FN:6,query
FNF:1
FNH:1
FNDA:106,query
DA:3,2
DA:7,106
DA:10,2
LF:3
LH:3
BRF:0
BRH:0
end_of_record
TN:
SF:/home/graham/dev/2018-ca400-bartleg3/src/cp-projects-service/src/services/file-system-service.js
FN:4,recursiveListSync
FN:8,(anonymous_1)
FNF:2
FNH:2
FNDA:9,recursiveListSync
FNDA:11,(anonymous_1)
DA:6,9
DA:8,9
DA:9,11
DA:11,11
DA:12,1
DA:15,10
DA:21,9
DA:24,2
LF:8
LH:8
BRDA:4,0,0,8
BRDA:11,1,0,1
BRDA:11,1,1,10
BRF:3
BRH:3
end_of_record
TN:
SF:/home/graham/dev/2018-ca400-bartleg3/src/cp-projects-service/src/services/github-service.js
FN:11,setupApiWithAccess
FN:46,getAccessToken
FN:60,createRepo
FN:74,commitFileToRepo
FN:108,pushTreeToRepo
FNF:5
FNH:5
FNDA:4,setupApiWithAccess
FNDA:1,getAccessToken
FNDA:1,createRepo
FNDA:2,commitFileToRepo
FNDA:1,pushTreeToRepo
DA:13,4
DA:19,4
DA:24,4
DA:31,4
DA:34,4
DA:47,1
DA:55,1
DA:56,1
DA:61,1
DA:64,1
DA:70,1
DA:75,2
DA:77,2
DA:80,2
DA:84,2
DA:85,2
DA:87,1
DA:96,1
DA:104,2
DA:109,1
DA:112,1
DA:115,1
DA:116,1
DA:117,1
DA:118,1
DA:119,1
DA:122,1
DA:123,1
DA:124,3
DA:125,3
DA:129,3
DA:138,1
DA:143,1
DA:146,1
DA:149,1
DA:156,1
DA:159,1
DA:166,1
DA:170,6
LF:39
LH:39
BRF:0
BRH:0
end_of_record
TN:
SF:/home/graham/dev/2018-ca400-bartleg3/src/cp-projects-service/src/services/web-socket-service.js
FN:5,setupSockets
FN:9,(anonymous_1)
FN:11,(anonymous_2)
FN:35,(anonymous_3)
FN:45,(anonymous_4)
FN:50,(anonymous_5)
FN:55,(anonymous_6)
FNF:7
FNH:1
FNDA:3,setupSockets
FNDA:0,(anonymous_1)
FNDA:0,(anonymous_2)
FNDA:0,(anonymous_3)
FNDA:0,(anonymous_4)
FNDA:0,(anonymous_5)
FNDA:0,(anonymous_6)
DA:1,1
DA:6,3
DA:9,3
DA:11,0
DA:13,0
DA:18,0
DA:20,0
DA:22,0
DA:24,0
DA:25,0
DA:27,0
DA:28,0
DA:30,0
DA:33,0
DA:35,0
DA:37,0
DA:38,0
DA:39,0
DA:42,0
DA:45,0
DA:47,0
DA:50,0
DA:52,0
DA:55,0
DA:57,0
DA:63,1
LF:26
LH:4
BRDA:22,0,0,0
BRDA:22,0,1,0
BRDA:22,0,2,0
BRDA:37,1,0,0
BRDA:37,1,1,0
BRF:5
BRH:0
end_of_record
